f:\svntest\antchr-4\s0006d-spel ai\labb2\sm4k v3.0\fsm\fsm\debug\vc120.pdb
f:\svntest\antchr-4\s0006d-spel ai\labb2\sm4k v3.0\fsm\fsm\debug\vc120.idb
f:\svntest\antchr-4\s0006d-spel ai\labb2\sm4k v3.0\fsm\fsm\debug\entitystates.obj
f:\svntest\antchr-4\s0006d-spel ai\labb2\sm4k v3.0\fsm\fsm\debug\gamehandler.obj
f:\svntest\antchr-4\s0006d-spel ai\labb2\sm4k v3.0\fsm\fsm\debug\indexedpriorityqlow.obj
f:\svntest\antchr-4\s0006d-spel ai\labb2\sm4k v3.0\fsm\fsm\debug\kilner.obj
f:\svntest\antchr-4\s0006d-spel ai\labb2\sm4k v3.0\fsm\fsm\debug\loadshaders.obj
f:\svntest\antchr-4\s0006d-spel ai\labb2\sm4k v3.0\fsm\fsm\debug\main.obj
f:\svntest\antchr-4\s0006d-spel ai\labb2\sm4k v3.0\fsm\fsm\debug\messagedispatcher.obj
f:\svntest\antchr-4\s0006d-spel ai\labb2\sm4k v3.0\fsm\fsm\debug\model.obj
f:\svntest\antchr-4\s0006d-spel ai\labb2\sm4k v3.0\fsm\fsm\debug\mywindow.obj
f:\svntest\antchr-4\s0006d-spel ai\labb2\sm4k v3.0\fsm\fsm\debug\object.obj
f:\svntest\antchr-4\s0006d-spel ai\labb2\sm4k v3.0\fsm\fsm\debug\pathfinder.obj
f:\svntest\antchr-4\s0006d-spel ai\labb2\sm4k v3.0\fsm\fsm\debug\rtscamera.obj
f:\svntest\antchr-4\s0006d-spel ai\labb2\sm4k v3.0\fsm\fsm\debug\shaggysearch.obj
f:\svntest\antchr-4\s0006d-spel ai\labb2\sm4k v3.0\fsm\fsm\debug\shapegenerators.obj
f:\svntest\antchr-4\s0006d-spel ai\labb2\sm4k v3.0\fsm\fsm\debug\stdafx.obj
f:\svntest\antchr-4\s0006d-spel ai\labb2\sm4k v3.0\fsm\fsm\debug\text2d.obj
f:\svntest\antchr-4\s0006d-spel ai\labb2\sm4k v3.0\fsm\fsm\debug\textureloader.obj
f:\svntest\antchr-4\s0006d-spel ai\labb2\sm4k v3.0\fsm\fsm\debug\unit.obj
f:\svntest\antchr-4\s0006d-spel ai\labb2\sm4k v3.0\fsm\fsm\debug\scout.obj
f:\svntest\antchr-4\s0006d-spel ai\labb2\sm4k v3.0\fsm\fsm\debug\worker.obj
f:\svntest\antchr-4\s0006d-spel ai\labb2\sm4k v3.0\fsm\fsm\debug\astar.obj
f:\svntest\antchr-4\s0006d-spel ai\labb2\sm4k v3.0\fsm\fsm\debug\bfsearch.obj
f:\svntest\antchr-4\s0006d-spel ai\labb2\sm4k v3.0\fsm\fsm\debug\builder.obj
f:\svntest\antchr-4\s0006d-spel ai\labb2\sm4k v3.0\fsm\fsm\debug\dfsearch.obj
f:\svntest\antchr-4\s0006d-spel ai\labb2\sm4k v3.0\fsm\fsm\debug\entity.obj
f:\svntest\antchr-4\s0006d-spel ai\labb2\sm4k v3.0\fsm\fsm\debug\entitymanager.obj
f:\svntest\antchr-4\s0006d-spel ai\labb2\sm4k v3.0\fsm\fsm\debug\loaderbase.obj
f:\svntest\antchr-4\s0006d-spel ai\labb2\sm4k v3.0\fsm\fsm\debug\settingsloader.obj
f:\svntest\antchr-4\s0006d-spel ai\labb2\sm4k v3.0\fsm\debug\fsm.exe
f:\svntest\antchr-4\s0006d-spel ai\labb2\sm4k v3.0\fsm\debug\fsm.pdb
f:\svntest\antchr-4\s0006d-spel ai\labb2\sm4k v3.0\fsm\fsm\debug\fsm.tlog\cl.command.1.tlog
f:\svntest\antchr-4\s0006d-spel ai\labb2\sm4k v3.0\fsm\fsm\debug\fsm.tlog\cl.read.1.tlog
f:\svntest\antchr-4\s0006d-spel ai\labb2\sm4k v3.0\fsm\fsm\debug\fsm.tlog\cl.write.1.tlog
f:\svntest\antchr-4\s0006d-spel ai\labb2\sm4k v3.0\fsm\fsm\debug\fsm.tlog\link.command.1.tlog
f:\svntest\antchr-4\s0006d-spel ai\labb2\sm4k v3.0\fsm\fsm\debug\fsm.tlog\link.read.1.tlog
f:\svntest\antchr-4\s0006d-spel ai\labb2\sm4k v3.0\fsm\fsm\debug\fsm.tlog\link.write.1.tlog
