Determining if the pthread_create exist failed with the following output:
Change Dir: /home/antchr-4/SVN/antchr-4/S0006E-Grafik/lab-env-master/cmake-build-debug/CMakeFiles/CMakeTmp

Run Build Command:"/usr/bin/make" "cmTC_f831a/fast"
/usr/bin/make -f CMakeFiles/cmTC_f831a.dir/build.make CMakeFiles/cmTC_f831a.dir/build
make[1]: Entering directory '/home/antchr-4/SVN/antchr-4/S0006E-Grafik/lab-env-master/cmake-build-debug/CMakeFiles/CMakeTmp'
Building C object CMakeFiles/cmTC_f831a.dir/CheckSymbolExists.c.o
/usr/bin/cc     -o CMakeFiles/cmTC_f831a.dir/CheckSymbolExists.c.o   -c /home/antchr-4/SVN/antchr-4/S0006E-Grafik/lab-env-master/cmake-build-debug/CMakeFiles/CMakeTmp/CheckSymbolExists.c
Linking C executable cmTC_f831a
/home/antchr-4/clion-2016.2.1/bin/cmake/bin/cmake -E cmake_link_script CMakeFiles/cmTC_f831a.dir/link.txt --verbose=1
/usr/bin/cc       CMakeFiles/cmTC_f831a.dir/CheckSymbolExists.c.o  -o cmTC_f831a -rdynamic 
CMakeFiles/cmTC_f831a.dir/CheckSymbolExists.c.o: In function `main':
CheckSymbolExists.c:(.text+0x16): undefined reference to `pthread_create'
collect2: error: ld returned 1 exit status
CMakeFiles/cmTC_f831a.dir/build.make:97: recipe for target 'cmTC_f831a' failed
make[1]: *** [cmTC_f831a] Error 1
make[1]: Leaving directory '/home/antchr-4/SVN/antchr-4/S0006E-Grafik/lab-env-master/cmake-build-debug/CMakeFiles/CMakeTmp'
Makefile:126: recipe for target 'cmTC_f831a/fast' failed
make: *** [cmTC_f831a/fast] Error 2

File /home/antchr-4/SVN/antchr-4/S0006E-Grafik/lab-env-master/cmake-build-debug/CMakeFiles/CMakeTmp/CheckSymbolExists.c:
/* */
#include <pthread.h>

int main(int argc, char** argv)
{
  (void)argv;
#ifndef pthread_create
  return ((int*)(&pthread_create))[argc];
#else
  (void)argc;
  return 0;
#endif
}

Determining if the function pthread_create exists in the pthreads failed with the following output:
Change Dir: /home/antchr-4/SVN/antchr-4/S0006E-Grafik/lab-env-master/cmake-build-debug/CMakeFiles/CMakeTmp

Run Build Command:"/usr/bin/make" "cmTC_50ecd/fast"
/usr/bin/make -f CMakeFiles/cmTC_50ecd.dir/build.make CMakeFiles/cmTC_50ecd.dir/build
make[1]: Entering directory '/home/antchr-4/SVN/antchr-4/S0006E-Grafik/lab-env-master/cmake-build-debug/CMakeFiles/CMakeTmp'
Building C object CMakeFiles/cmTC_50ecd.dir/CheckFunctionExists.c.o
/usr/bin/cc    -DCHECK_FUNCTION_EXISTS=pthread_create   -o CMakeFiles/cmTC_50ecd.dir/CheckFunctionExists.c.o   -c /home/antchr-4/clion-2016.2.1/bin/cmake/share/cmake-3.6/Modules/CheckFunctionExists.c
Linking C executable cmTC_50ecd
/home/antchr-4/clion-2016.2.1/bin/cmake/bin/cmake -E cmake_link_script CMakeFiles/cmTC_50ecd.dir/link.txt --verbose=1
/usr/bin/cc   -DCHECK_FUNCTION_EXISTS=pthread_create    CMakeFiles/cmTC_50ecd.dir/CheckFunctionExists.c.o  -o cmTC_50ecd -rdynamic -lpthreads 
/usr/bin/ld: cannot find -lpthreads
collect2: error: ld returned 1 exit status
CMakeFiles/cmTC_50ecd.dir/build.make:97: recipe for target 'cmTC_50ecd' failed
make[1]: *** [cmTC_50ecd] Error 1
make[1]: Leaving directory '/home/antchr-4/SVN/antchr-4/S0006E-Grafik/lab-env-master/cmake-build-debug/CMakeFiles/CMakeTmp'
Makefile:126: recipe for target 'cmTC_50ecd/fast' failed
make: *** [cmTC_50ecd/fast] Error 2


Determining if the function glXGetProcAddressEXT exists failed with the following output:
Change Dir: /home/antchr-4/SVN/antchr-4/S0006E-Grafik/lab-env-master/cmake-build-debug/CMakeFiles/CMakeTmp

Run Build Command:"/usr/bin/make" "cmTC_c38d7/fast"
/usr/bin/make -f CMakeFiles/cmTC_c38d7.dir/build.make CMakeFiles/cmTC_c38d7.dir/build
make[1]: Entering directory '/home/antchr-4/SVN/antchr-4/S0006E-Grafik/lab-env-master/cmake-build-debug/CMakeFiles/CMakeTmp'
Building C object CMakeFiles/cmTC_c38d7.dir/CheckFunctionExists.c.o
/usr/bin/cc    -DCHECK_FUNCTION_EXISTS=glXGetProcAddressEXT   -o CMakeFiles/cmTC_c38d7.dir/CheckFunctionExists.c.o   -c /home/antchr-4/clion-2016.2.1/bin/cmake/share/cmake-3.6/Modules/CheckFunctionExists.c
Linking C executable cmTC_c38d7
/home/antchr-4/clion-2016.2.1/bin/cmake/bin/cmake -E cmake_link_script CMakeFiles/cmTC_c38d7.dir/link.txt --verbose=1
/usr/bin/cc   -DCHECK_FUNCTION_EXISTS=glXGetProcAddressEXT    CMakeFiles/cmTC_c38d7.dir/CheckFunctionExists.c.o  -o cmTC_c38d7 -rdynamic /usr/lib/x86_64-linux-gnu/libGL.so 
CMakeFiles/cmTC_c38d7.dir/CheckFunctionExists.c.o: In function `main':
CheckFunctionExists.c:(.text+0x15): undefined reference to `glXGetProcAddressEXT'
collect2: error: ld returned 1 exit status
CMakeFiles/cmTC_c38d7.dir/build.make:98: recipe for target 'cmTC_c38d7' failed
make[1]: *** [cmTC_c38d7] Error 1
make[1]: Leaving directory '/home/antchr-4/SVN/antchr-4/S0006E-Grafik/lab-env-master/cmake-build-debug/CMakeFiles/CMakeTmp'
Makefile:126: recipe for target 'cmTC_c38d7/fast' failed
make: *** [cmTC_c38d7/fast] Error 2


