c:\users\anton\desktop\new folder (7)\sm4k v3.0\sm4k v3.0\fsm\fsm\debug\vc120.pdb
c:\users\anton\desktop\new folder (7)\sm4k v3.0\sm4k v3.0\fsm\fsm\debug\vc120.idb
c:\users\anton\desktop\new folder (7)\sm4k v3.0\sm4k v3.0\fsm\fsm\debug\astar.obj
c:\users\anton\desktop\new folder (7)\sm4k v3.0\sm4k v3.0\fsm\fsm\debug\bfsearch.obj
c:\users\anton\desktop\new folder (7)\sm4k v3.0\sm4k v3.0\fsm\fsm\debug\dfsearch.obj
c:\users\anton\desktop\new folder (7)\sm4k v3.0\sm4k v3.0\fsm\fsm\debug\indexedpriorityqlow.obj
c:\users\anton\desktop\new folder (7)\sm4k v3.0\sm4k v3.0\fsm\fsm\debug\navedge.obj
c:\users\anton\desktop\new folder (7)\sm4k v3.0\sm4k v3.0\fsm\fsm\debug\pathfinder.obj
c:\users\anton\desktop\new folder (7)\sm4k v3.0\sm4k v3.0\fsm\fsm\debug\shaggysearch.obj
c:\users\anton\desktop\new folder (7)\sm4k v3.0\sm4k v3.0\fsm\fsm\debug\gamehandler.obj
c:\users\anton\desktop\new folder (7)\sm4k v3.0\sm4k v3.0\fsm\fsm\debug\loadshaders.obj
c:\users\anton\desktop\new folder (7)\sm4k v3.0\sm4k v3.0\fsm\fsm\debug\main.obj
c:\users\anton\desktop\new folder (7)\sm4k v3.0\sm4k v3.0\fsm\fsm\debug\model.obj
c:\users\anton\desktop\new folder (7)\sm4k v3.0\sm4k v3.0\fsm\fsm\debug\mywindow.obj
c:\users\anton\desktop\new folder (7)\sm4k v3.0\sm4k v3.0\fsm\fsm\debug\object.obj
c:\users\anton\desktop\new folder (7)\sm4k v3.0\sm4k v3.0\fsm\fsm\debug\rtscamera.obj
c:\users\anton\desktop\new folder (7)\sm4k v3.0\sm4k v3.0\fsm\fsm\debug\shapegenerators.obj
c:\users\anton\desktop\new folder (7)\sm4k v3.0\sm4k v3.0\fsm\fsm\debug\text2d.obj
c:\users\anton\desktop\new folder (7)\sm4k v3.0\sm4k v3.0\fsm\fsm\debug\textureloader.obj
c:\users\anton\desktop\new folder (7)\sm4k v3.0\sm4k v3.0\fsm\fsm\debug\unit.obj
c:\users\anton\desktop\new folder (7)\sm4k v3.0\sm4k v3.0\fsm\debug\fsm.ilk
c:\users\anton\desktop\new folder (7)\sm4k v3.0\sm4k v3.0\fsm\debug\fsm.exe
c:\users\anton\desktop\new folder (7)\sm4k v3.0\sm4k v3.0\fsm\debug\fsm.pdb
c:\users\anton\desktop\new folder (7)\sm4k v3.0\sm4k v3.0\fsm\fsm\debug\fsm.tlog\cl.command.1.tlog
c:\users\anton\desktop\new folder (7)\sm4k v3.0\sm4k v3.0\fsm\fsm\debug\fsm.tlog\cl.read.1.tlog
c:\users\anton\desktop\new folder (7)\sm4k v3.0\sm4k v3.0\fsm\fsm\debug\fsm.tlog\cl.write.1.tlog
c:\users\anton\desktop\new folder (7)\sm4k v3.0\sm4k v3.0\fsm\fsm\debug\fsm.tlog\link.command.1.tlog
c:\users\anton\desktop\new folder (7)\sm4k v3.0\sm4k v3.0\fsm\fsm\debug\fsm.tlog\link.read.1.tlog
c:\users\anton\desktop\new folder (7)\sm4k v3.0\sm4k v3.0\fsm\fsm\debug\fsm.tlog\link.write.1.tlog
