Build started 2016-03-23 17:59:57.
     1>Project "C:\Users\Anton\Desktop\New folder (7)\SM4K v3.0\SM4K v3.0\FSM\FSM\FSM.vcxproj" on node 2 (Build target(s)).
     1>ClCompile:
         C:\Program Files (x86)\Microsoft Visual Studio 12.0\VC\bin\CL.exe /c /I"C:\Users\Anton\Desktop\New folder (7)\SM4K v3.0\SM4K v3.0\FSM\FSM\..\..\middleware\GLFW\include\\" /I"C:\Users\Anton\Desktop\New folder (7)\SM4K v3.0\SM4K v3.0\FSM\FSM\..\..\middleware\GLEW\include\\" /I"C:\Users\Anton\Desktop\New folder (7)\SM4K v3.0\SM4K v3.0\FSM\FSM\..\..\middleware\GLM\glm\glm" /ZI /nologo /W3 /WX- /sdl /Od /Oy- /D _MBCS /D _MBCS /D _CRT_SECURE_NO_WARNINGS /Gm /EHsc /RTC1 /MDd /GS /fp:precise /Zc:wchar_t /Zc:forScope /Fo"Debug\\" /Fd"Debug\vc120.pdb" /Gd /TP /analyze- /errorReport:prompt myWindow.cpp
         myWindow.cpp
     1>c:\program files (x86)\windows kits\8.1\include\shared\minwindef.h(130): warning C4005: 'APIENTRY' : macro redefinition
                 c:\users\anton\desktop\new folder (7)\sm4k v3.0\sm4k v3.0\middleware\glfw\include\glfw\glfw3.h(92) : see previous definition of 'APIENTRY'
     1>c:\users\anton\desktop\new folder (7)\sm4k v3.0\sm4k v3.0\fsm\fsm\mywindow.cpp(98): warning C4244: '=' : conversion from 'double' to 'float', possible loss of data
     1>c:\users\anton\desktop\new folder (7)\sm4k v3.0\sm4k v3.0\fsm\fsm\mywindow.cpp(110): warning C4244: 'argument' : conversion from 'int' to 'float', possible loss of data
     1>c:\users\anton\desktop\new folder (7)\sm4k v3.0\sm4k v3.0\fsm\fsm\mywindow.cpp(117): warning C4244: 'argument' : conversion from 'int' to 'GLfloat', possible loss of data
     1>c:\users\anton\desktop\new folder (7)\sm4k v3.0\sm4k v3.0\fsm\fsm\mywindow.cpp(124): warning C4244: 'argument' : conversion from 'int' to 'GLfloat', possible loss of data
     1>c:\users\anton\desktop\new folder (7)\sm4k v3.0\sm4k v3.0\fsm\fsm\mywindow.cpp(131): warning C4244: 'argument' : conversion from 'int' to 'GLfloat', possible loss of data
     1>c:\users\anton\desktop\new folder (7)\sm4k v3.0\sm4k v3.0\fsm\fsm\mywindow.cpp(138): warning C4244: 'argument' : conversion from 'int' to 'GLfloat', possible loss of data
       Link:
         C:\Program Files (x86)\Microsoft Visual Studio 12.0\VC\bin\link.exe /ERRORREPORT:PROMPT /OUT:"C:\Users\Anton\Desktop\New folder (7)\SM4K v3.0\SM4K v3.0\FSM\Debug\FSM.exe" /INCREMENTAL /NOLOGO /LIBPATH:"C:\Users\Anton\Desktop\New folder (7)\SM4K v3.0\SM4K v3.0\FSM\FSM\..\..\middleware\GLFW\lib" /LIBPATH:"C:\Users\Anton\Desktop\New folder (7)\SM4K v3.0\SM4K v3.0\FSM\FSM\..\..\middleware\GLEW\lib" opengl32.lib glew32.lib glfw3.lib kernel32.lib user32.lib gdi32.lib winspool.lib comdlg32.lib advapi32.lib shell32.lib ole32.lib oleaut32.lib uuid.lib odbc32.lib odbccp32.lib /MANIFEST /MANIFESTUAC:"level='asInvoker' uiAccess='false'" /manifest:embed /DEBUG /PDB:"C:\Users\Anton\Desktop\New folder (7)\SM4K v3.0\SM4K v3.0\FSM\Debug\FSM.pdb" /TLBID:1 /DYNAMICBASE /NXCOMPAT /IMPLIB:"C:\Users\Anton\Desktop\New folder (7)\SM4K v3.0\SM4K v3.0\FSM\Debug\FSM.lib" /MACHINE:X86 /NODEFAULTLIB:MSVCRT Debug\AStar.obj
         Debug\BFSearch.obj
         Debug\DFSearch.obj
         Debug\IndexedPriorityQLow.obj
         Debug\NavEdge.obj
         Debug\Pathfinder.obj
         Debug\ShaggySearch.obj
         Debug\GameHandler.obj
         Debug\loadShaders.obj
         Debug\main.obj
         Debug\Model.obj
         Debug\myWindow.obj
         Debug\Object.obj
         Debug\RTSCamera.obj
         Debug\shapeGenerators.obj
         Debug\Text2D.obj
         Debug\TextureLoader.obj
         Debug\Unit.obj
         FSM.vcxproj -> C:\Users\Anton\Desktop\New folder (7)\SM4K v3.0\SM4K v3.0\FSM\Debug\FSM.exe
     1>Done Building Project "C:\Users\Anton\Desktop\New folder (7)\SM4K v3.0\SM4K v3.0\FSM\FSM\FSM.vcxproj" (Build target(s)).

Build succeeded.

Time Elapsed 00:00:01.41
