c:\users\anton\desktop\new folder (7)\sm4k v3.0\sm4k v3.0\fsm\fsm\release\vc120.pdb
c:\users\anton\desktop\new folder (7)\sm4k v3.0\sm4k v3.0\fsm\fsm\release\unit.obj
c:\users\anton\desktop\new folder (7)\sm4k v3.0\sm4k v3.0\fsm\fsm\release\textureloader.obj
c:\users\anton\desktop\new folder (7)\sm4k v3.0\sm4k v3.0\fsm\fsm\release\text2d.obj
c:\users\anton\desktop\new folder (7)\sm4k v3.0\sm4k v3.0\fsm\fsm\release\shapegenerators.obj
c:\users\anton\desktop\new folder (7)\sm4k v3.0\sm4k v3.0\fsm\fsm\release\rtscamera.obj
c:\users\anton\desktop\new folder (7)\sm4k v3.0\sm4k v3.0\fsm\fsm\release\object.obj
c:\users\anton\desktop\new folder (7)\sm4k v3.0\sm4k v3.0\fsm\fsm\release\mywindow.obj
c:\users\anton\desktop\new folder (7)\sm4k v3.0\sm4k v3.0\fsm\fsm\release\model.obj
c:\users\anton\desktop\new folder (7)\sm4k v3.0\sm4k v3.0\fsm\fsm\release\main.obj
c:\users\anton\desktop\new folder (7)\sm4k v3.0\sm4k v3.0\fsm\fsm\release\loadshaders.obj
c:\users\anton\desktop\new folder (7)\sm4k v3.0\sm4k v3.0\fsm\fsm\release\gamehandler.obj
c:\users\anton\desktop\new folder (7)\sm4k v3.0\sm4k v3.0\fsm\fsm\release\shaggysearch.obj
c:\users\anton\desktop\new folder (7)\sm4k v3.0\sm4k v3.0\fsm\fsm\release\pathfinder.obj
c:\users\anton\desktop\new folder (7)\sm4k v3.0\sm4k v3.0\fsm\fsm\release\navedge.obj
c:\users\anton\desktop\new folder (7)\sm4k v3.0\sm4k v3.0\fsm\fsm\release\indexedpriorityqlow.obj
c:\users\anton\desktop\new folder (7)\sm4k v3.0\sm4k v3.0\fsm\fsm\release\dfsearch.obj
c:\users\anton\desktop\new folder (7)\sm4k v3.0\sm4k v3.0\fsm\fsm\release\bfsearch.obj
c:\users\anton\desktop\new folder (7)\sm4k v3.0\sm4k v3.0\fsm\fsm\release\astar.obj
c:\users\anton\desktop\new folder (7)\sm4k v3.0\sm4k v3.0\fsm\release\fsm.exe
c:\users\anton\desktop\new folder (7)\sm4k v3.0\sm4k v3.0\fsm\release\fsm.pdb
c:\users\anton\desktop\new folder (7)\sm4k v3.0\sm4k v3.0\fsm\fsm\release\fsm.tlog\cl.command.1.tlog
c:\users\anton\desktop\new folder (7)\sm4k v3.0\sm4k v3.0\fsm\fsm\release\fsm.tlog\cl.read.1.tlog
c:\users\anton\desktop\new folder (7)\sm4k v3.0\sm4k v3.0\fsm\fsm\release\fsm.tlog\cl.write.1.tlog
c:\users\anton\desktop\new folder (7)\sm4k v3.0\sm4k v3.0\fsm\fsm\release\fsm.tlog\link.command.1.tlog
c:\users\anton\desktop\new folder (7)\sm4k v3.0\sm4k v3.0\fsm\fsm\release\fsm.tlog\link.read.1.tlog
c:\users\anton\desktop\new folder (7)\sm4k v3.0\sm4k v3.0\fsm\fsm\release\fsm.tlog\link.write.1.tlog
