f:\svntest\antchr-4\s0006d-spel ai\labb2\sm4k v3.0\fsm\fsm\release\vc120.pdb
f:\svntest\antchr-4\s0006d-spel ai\labb2\sm4k v3.0\fsm\fsm\release\shaggysearch.obj
f:\svntest\antchr-4\s0006d-spel ai\labb2\sm4k v3.0\fsm\fsm\release\rtscamera.obj
f:\svntest\antchr-4\s0006d-spel ai\labb2\sm4k v3.0\fsm\fsm\release\pathfinder.obj
f:\svntest\antchr-4\s0006d-spel ai\labb2\sm4k v3.0\fsm\fsm\release\object.obj
f:\svntest\antchr-4\s0006d-spel ai\labb2\sm4k v3.0\fsm\fsm\release\mywindow.obj
f:\svntest\antchr-4\s0006d-spel ai\labb2\sm4k v3.0\fsm\fsm\release\model.obj
f:\svntest\antchr-4\s0006d-spel ai\labb2\sm4k v3.0\fsm\fsm\release\messagedispatcher.obj
f:\svntest\antchr-4\s0006d-spel ai\labb2\sm4k v3.0\fsm\fsm\release\main.obj
f:\svntest\antchr-4\s0006d-spel ai\labb2\sm4k v3.0\fsm\fsm\release\loadshaders.obj
f:\svntest\antchr-4\s0006d-spel ai\labb2\sm4k v3.0\fsm\fsm\release\kilner.obj
f:\svntest\antchr-4\s0006d-spel ai\labb2\sm4k v3.0\fsm\fsm\release\indexedpriorityqlow.obj
f:\svntest\antchr-4\s0006d-spel ai\labb2\sm4k v3.0\fsm\fsm\release\gamehandler.obj
f:\svntest\antchr-4\s0006d-spel ai\labb2\sm4k v3.0\fsm\fsm\release\entityhandler.obj
f:\svntest\antchr-4\s0006d-spel ai\labb2\sm4k v3.0\fsm\fsm\release\entitystates.obj
f:\svntest\antchr-4\s0006d-spel ai\labb2\sm4k v3.0\fsm\fsm\release\entitymanager.obj
f:\svntest\antchr-4\s0006d-spel ai\labb2\sm4k v3.0\fsm\fsm\release\entity.obj
f:\svntest\antchr-4\s0006d-spel ai\labb2\sm4k v3.0\fsm\fsm\release\dfsearch.obj
f:\svntest\antchr-4\s0006d-spel ai\labb2\sm4k v3.0\fsm\fsm\release\builder.obj
f:\svntest\antchr-4\s0006d-spel ai\labb2\sm4k v3.0\fsm\fsm\release\bfsearch.obj
f:\svntest\antchr-4\s0006d-spel ai\labb2\sm4k v3.0\fsm\fsm\release\astar.obj
f:\svntest\antchr-4\s0006d-spel ai\labb2\sm4k v3.0\fsm\fsm\release\worker.obj
f:\svntest\antchr-4\s0006d-spel ai\labb2\sm4k v3.0\fsm\fsm\release\scout.obj
f:\svntest\antchr-4\s0006d-spel ai\labb2\sm4k v3.0\fsm\fsm\release\unit.obj
f:\svntest\antchr-4\s0006d-spel ai\labb2\sm4k v3.0\fsm\fsm\release\textureloader.obj
f:\svntest\antchr-4\s0006d-spel ai\labb2\sm4k v3.0\fsm\fsm\release\text2d.obj
f:\svntest\antchr-4\s0006d-spel ai\labb2\sm4k v3.0\fsm\fsm\release\stdafx.obj
f:\svntest\antchr-4\s0006d-spel ai\labb2\sm4k v3.0\fsm\fsm\release\shapegenerators.obj
f:\svntest\antchr-4\s0006d-spel ai\labb2\sm4k v3.0\fsm\release\fsm.exe
f:\svntest\antchr-4\s0006d-spel ai\labb2\sm4k v3.0\fsm\release\fsm.pdb
f:\svntest\antchr-4\s0006d-spel ai\labb2\sm4k v3.0\fsm\fsm\release\fsm.tlog\cl.command.1.tlog
f:\svntest\antchr-4\s0006d-spel ai\labb2\sm4k v3.0\fsm\fsm\release\fsm.tlog\cl.read.1.tlog
f:\svntest\antchr-4\s0006d-spel ai\labb2\sm4k v3.0\fsm\fsm\release\fsm.tlog\cl.write.1.tlog
f:\svntest\antchr-4\s0006d-spel ai\labb2\sm4k v3.0\fsm\fsm\release\fsm.tlog\link.command.1.tlog
f:\svntest\antchr-4\s0006d-spel ai\labb2\sm4k v3.0\fsm\fsm\release\fsm.tlog\link.read.1.tlog
f:\svntest\antchr-4\s0006d-spel ai\labb2\sm4k v3.0\fsm\fsm\release\fsm.tlog\link.write.1.tlog
